This file contains any messages produced by compilers while
running configure, to aid debugging if configure makes a mistake.

It was created by configure, which was
generated by GNU Autoconf 2.69.  Invocation command line was

  $ ./configure 

## --------- ##
## Platform. ##
## --------- ##

hostname = debian
uname -m = x86_64
uname -r = 3.2.0-4-amd64
uname -s = Linux
uname -v = #1 SMP Debian 3.2.63-2+deb7u1

/usr/bin/uname -p = unknown
/bin/uname -X     = unknown

/bin/arch              = unknown
/usr/bin/arch -k       = unknown
/usr/convex/getsysinfo = unknown
/usr/bin/hostinfo      = unknown
/bin/machine           = unknown
/usr/bin/oslevel       = unknown
/bin/universe          = unknown

PATH: /usr/local/sbin
PATH: /usr/local/bin
PATH: /usr/sbin
PATH: /usr/bin
PATH: /sbin
PATH: /bin


## ----------- ##
## Core tests. ##
## ----------- ##

configure:2079: checking for grep that handles long lines and -e
configure:2137: result: /bin/grep
configure:2142: checking for egrep
configure:2204: result: /bin/grep -E
configure:2209: checking for a sed that does not truncate output
configure:2273: result: /bin/sed
configure:2407: checking for cc
configure:2423: found /usr/bin/cc
configure:2434: result: cc
configure:2465: checking for C compiler version
configure:2474: cc --version >&5
cc (Debian 4.7.2-5) 4.7.2
Copyright (C) 2012 Free Software Foundation, Inc.
This is free software; see the source for copying conditions.  There is NO
warranty; not even for MERCHANTABILITY or FITNESS FOR A PARTICULAR PURPOSE.

configure:2485: $? = 0
configure:2474: cc -v >&5
Using built-in specs.
COLLECT_GCC=cc
COLLECT_LTO_WRAPPER=/usr/lib/gcc/x86_64-linux-gnu/4.7/lto-wrapper
Target: x86_64-linux-gnu
Configured with: ../src/configure -v --with-pkgversion='Debian 4.7.2-5' --with-bugurl=file:///usr/share/doc/gcc-4.7/README.Bugs --enable-languages=c,c++,go,fortran,objc,obj-c++ --prefix=/usr --program-suffix=-4.7 --enable-shared --enable-linker-build-id --with-system-zlib --libexecdir=/usr/lib --without-included-gettext --enable-threads=posix --with-gxx-include-dir=/usr/include/c++/4.7 --libdir=/usr/lib --enable-nls --with-sysroot=/ --enable-clocale=gnu --enable-libstdcxx-debug --enable-libstdcxx-time=yes --enable-gnu-unique-object --enable-plugin --enable-objc-gc --with-arch-32=i586 --with-tune=generic --enable-checking=release --build=x86_64-linux-gnu --host=x86_64-linux-gnu --target=x86_64-linux-gnu
Thread model: posix
gcc version 4.7.2 (Debian 4.7.2-5) 
configure:2485: $? = 0
configure:2474: cc -V >&5
cc: error: unrecognized command line option '-V'
cc: fatal error: no input files
compilation terminated.
configure:2485: $? = 4
configure:2474: cc -qversion >&5
cc: error: unrecognized command line option '-qversion'
cc: fatal error: no input files
compilation terminated.
configure:2485: $? = 4
configure:2505: checking whether the C compiler works
configure:2527: cc    conftest.c  >&5
configure:2531: $? = 0
configure:2579: result: yes
configure:2582: checking for C compiler default output file name
configure:2584: result: a.out
configure:2590: checking for suffix of executables
configure:2597: cc -o conftest    conftest.c  >&5
configure:2601: $? = 0
configure:2623: result: 
configure:2645: checking whether we are cross compiling
configure:2653: cc -o conftest    conftest.c  >&5
configure:2657: $? = 0
configure:2664: ./conftest
configure:2668: $? = 0
configure:2683: result: no
configure:2688: checking for suffix of object files
configure:2710: cc -c   conftest.c >&5
configure:2714: $? = 0
configure:2735: result: o
configure:2739: checking whether we are using the GNU C compiler
configure:2758: cc -c   conftest.c >&5
configure:2758: $? = 0
configure:2767: result: yes
configure:2776: checking whether cc accepts -g
configure:2796: cc -c -g  conftest.c >&5
configure:2796: $? = 0
configure:2837: result: yes
configure:2854: checking for cc option to accept ISO C89
configure:2917: cc  -c -g -O2  conftest.c >&5
configure:2917: $? = 0
configure:2930: result: none needed
configure:2956: checking how to run the C preprocessor
configure:2987: cc -E  conftest.c
configure:2987: $? = 0
configure:3001: cc -E  conftest.c
conftest.c:9:28: fatal error: ac_nonexistent.h: No such file or directory
compilation terminated.
configure:3001: $? = 1
configure: failed program was:
| /* confdefs.h */
| #define PACKAGE_NAME ""
| #define PACKAGE_TARNAME ""
| #define PACKAGE_VERSION ""
| #define PACKAGE_STRING ""
| #define PACKAGE_BUGREPORT ""
| #define PACKAGE_URL ""
| /* end confdefs.h.  */
| #include <ac_nonexistent.h>
configure:3026: result: cc -E
configure:3046: cc -E  conftest.c
configure:3046: $? = 0
configure:3060: cc -E  conftest.c
conftest.c:9:28: fatal error: ac_nonexistent.h: No such file or directory
compilation terminated.
configure:3060: $? = 1
configure: failed program was:
| /* confdefs.h */
| #define PACKAGE_NAME ""
| #define PACKAGE_TARNAME ""
| #define PACKAGE_VERSION ""
| #define PACKAGE_STRING ""
| #define PACKAGE_BUGREPORT ""
| #define PACKAGE_URL ""
| /* end confdefs.h.  */
| #include <ac_nonexistent.h>
configure:3091: checking for icc
configure:3100: result: no
configure:3114: checking for suncc
configure:3123: result: no
configure:3141: checking whether cc understands -c and -o together
configure:3169: cc -c conftest.c -o conftest2.o >&5
configure:3173: $? = 0
configure:3179: cc -c conftest.c -o conftest2.o >&5
configure:3183: $? = 0
configure:3238: result: yes
configure:3252: checking for system library directory
configure:3267: result: lib
configure:3274: checking if compiler supports -R
configure:3293: cc -o conftest -g -O2   conftest.c -R /usr/lib  >&5
cc: error: unrecognized option '-R'
configure:3293: $? = 1
configure: failed program was:
| /* confdefs.h */
| #define PACKAGE_NAME ""
| #define PACKAGE_TARNAME ""
| #define PACKAGE_VERSION ""
| #define PACKAGE_STRING ""
| #define PACKAGE_BUGREPORT ""
| #define PACKAGE_URL ""
| /* end confdefs.h.  */
| 
| int
| main ()
| {
| 
|   ;
|   return 0;
| }
configure:3303: result: no
configure:3308: checking if compiler supports -Wl,-rpath,
configure:3327: cc -o conftest -g -O2   conftest.c -Wl,-rpath,/usr/lib  >&5
configure:3327: $? = 0
configure:3337: result: yes
configure:3382: checking build system type
configure:3396: result: x86_64-unknown-linux-gnu
configure:3416: checking host system type
configure:3429: result: x86_64-unknown-linux-gnu
configure:3449: checking target system type
configure:3462: result: x86_64-unknown-linux-gnu
configure:3565: checking for PHP prefix
configure:3567: result: /usr
configure:3569: checking for PHP includes
configure:3571: result: -I/usr/include/php5 -I/usr/include/php5/main -I/usr/include/php5/TSRM -I/usr/include/php5/Zend -I/usr/include/php5/ext -I/usr/include/php5/ext/date/lib
configure:3573: checking for PHP extension directory
configure:3575: result: /usr/lib/php5/20100525
configure:3577: checking for PHP installed headers prefix
configure:3579: result: /usr/include/php5
configure:3582: checking if debug is enabled
configure:3608: result: no
configure:3611: checking if zts is enabled
configure:3637: result: no
configure:3708: checking for re2c
configure:3738: result: no
configure:3763: WARNING: You will need re2c 0.13.4 or later if you want to regenerate PHP parsers.
configure:3777: checking for gawk
configure:3808: result: no
configure:3777: checking for nawk
configure:3794: found /usr/bin/nawk
configure:3805: result: nawk
configure:3828: checking if nawk is broken
configure:3835: result: no
configure:3848: checking whether to enable the imagick extension
configure:3888: result: yes, shared
configure:3897: checking whether to enable the imagick GraphicsMagick backend
configure:3912: result: no
configure:3924: checking ImageMagick MagickWand API configuration program
configure:3943: result: found in /usr/local/bin/MagickWand-config
configure:3949: checking if ImageMagick version is at least 6.2.4
configure:3952: result: found version 6.8.9 Q16 
configure:3970: checking for MagickWand.h header file
configure:3975: result: found in /usr/local/include/ImageMagick/wand/MagickWand.h
configure:3986: checking PHP version is at least 5.1.3
configure:4004: result: yes. found 5.4.35-0+deb7u2
configure:4524: checking how to print strings
configure:4551: result: printf
configure:4572: checking for a sed that does not truncate output
configure:4636: result: /bin/sed
configure:4654: checking for fgrep
configure:4716: result: /bin/grep -F
configure:4751: checking for ld used by cc
configure:4818: result: /usr/bin/ld
configure:4825: checking if the linker (/usr/bin/ld) is GNU ld
configure:4840: result: yes
configure:4852: checking for BSD- or MS-compatible name lister (nm)
configure:4901: result: /usr/bin/nm -B
configure:5031: checking the name lister (/usr/bin/nm -B) interface
configure:5038: cc -c -g -O2  conftest.c >&5
configure:5041: /usr/bin/nm -B "conftest.o"
configure:5044: output
0000000000000000 B some_variable
configure:5051: result: BSD nm
configure:5054: checking whether ln -s works
configure:5058: result: yes
configure:5066: checking the maximum length of command line arguments
configure:5196: result: 1572864
configure:5213: checking whether the shell understands some XSI constructs
configure:5223: result: yes
configure:5227: checking whether the shell understands "+="
configure:5233: result: yes
configure:5268: checking how to convert x86_64-unknown-linux-gnu file names to x86_64-unknown-linux-gnu format
configure:5308: result: func_convert_file_noop
configure:5315: checking how to convert x86_64-unknown-linux-gnu file names to toolchain format
configure:5335: result: func_convert_file_noop
configure:5342: checking for /usr/bin/ld option to reload object files
configure:5349: result: -r
configure:5423: checking for objdump
configure:5439: found /usr/bin/objdump
configure:5450: result: objdump
configure:5482: checking how to recognize dependent libraries
configure:5680: result: pass_all
configure:5765: checking for dlltool
configure:5795: result: no
configure:5825: checking how to associate runtime and link libraries
configure:5852: result: printf %s\n
configure:5912: checking for ar
configure:5928: found /usr/bin/ar
configure:5939: result: ar
configure:5976: checking for archiver @FILE support
configure:5993: cc -c -g -O2  conftest.c >&5
configure:5993: $? = 0
configure:5996: ar cru libconftest.a @conftest.lst >&5
configure:5999: $? = 0
configure:6004: ar cru libconftest.a @conftest.lst >&5
ar: conftest.o: No such file or directory
configure:6007: $? = 1
configure:6019: result: @
configure:6077: checking for strip
configure:6093: found /usr/bin/strip
configure:6104: result: strip
configure:6176: checking for ranlib
configure:6192: found /usr/bin/ranlib
configure:6203: result: ranlib
configure:6280: checking for gawk
configure:6307: result: nawk
configure:6347: checking command to parse /usr/bin/nm -B output from cc object
configure:6467: cc -c -g -O2  conftest.c >&5
configure:6470: $? = 0
configure:6474: /usr/bin/nm -B conftest.o \| sed -n -e 's/^.*[ ]\([ABCDGIRSTW][ABCDGIRSTW]*\)[ ][ ]*\([_A-Za-z][_A-Za-z0-9]*\)$/\1 \2 \2/p' | sed '/ __gnu_lto/d' \> conftest.nm
configure:6477: $? = 0
configure:6543: cc -o conftest -g -O2   conftest.c conftstm.o >&5
configure:6546: $? = 0
configure:6584: result: ok
configure:6621: checking for sysroot
configure:6651: result: no
configure:6728: cc -c -g -O2  conftest.c >&5
configure:6731: $? = 0
configure:6907: checking for mt
configure:6923: found /bin/mt
configure:6934: result: mt
configure:6957: checking if mt is a manifest tool
configure:6963: mt '-?'
configure:6971: result: no
configure:7608: checking for ANSI C header files
configure:7628: cc -c -g -O2  conftest.c >&5
configure:7628: $? = 0
configure:7701: cc -o conftest -g -O2   conftest.c  >&5
configure:7701: $? = 0
configure:7701: ./conftest
configure:7701: $? = 0
configure:7712: result: yes
configure:7725: checking for sys/types.h
configure:7725: cc -c -g -O2  conftest.c >&5
configure:7725: $? = 0
configure:7725: result: yes
configure:7725: checking for sys/stat.h
configure:7725: cc -c -g -O2  conftest.c >&5
configure:7725: $? = 0
configure:7725: result: yes
configure:7725: checking for stdlib.h
configure:7725: cc -c -g -O2  conftest.c >&5
configure:7725: $? = 0
configure:7725: result: yes
configure:7725: checking for string.h
configure:7725: cc -c -g -O2  conftest.c >&5
configure:7725: $? = 0
configure:7725: result: yes
configure:7725: checking for memory.h
configure:7725: cc -c -g -O2  conftest.c >&5
configure:7725: $? = 0
configure:7725: result: yes
configure:7725: checking for strings.h
configure:7725: cc -c -g -O2  conftest.c >&5
configure:7725: $? = 0
configure:7725: result: yes
configure:7725: checking for inttypes.h
configure:7725: cc -c -g -O2  conftest.c >&5
configure:7725: $? = 0
configure:7725: result: yes
configure:7725: checking for stdint.h
configure:7725: cc -c -g -O2  conftest.c >&5
configure:7725: $? = 0
configure:7725: result: yes
configure:7725: checking for unistd.h
configure:7725: cc -c -g -O2  conftest.c >&5
configure:7725: $? = 0
configure:7725: result: yes
configure:7739: checking for dlfcn.h
configure:7739: cc -c -g -O2  conftest.c >&5
configure:7739: $? = 0
configure:7739: result: yes
configure:7945: checking for objdir
configure:7960: result: .libs
configure:8231: checking if cc supports -fno-rtti -fno-exceptions
configure:8249: cc -c -g -O2  -fno-rtti -fno-exceptions conftest.c >&5
cc1: warning: command line option '-fno-rtti' is valid for C++/ObjC++ but not for C [enabled by default]
configure:8253: $? = 0
configure:8266: result: no
configure:8593: checking for cc option to produce PIC
configure:8600: result: -fPIC -DPIC
configure:8608: checking if cc PIC flag -fPIC -DPIC works
configure:8626: cc -c -g -O2  -fPIC -DPIC -DPIC conftest.c >&5
configure:8630: $? = 0
configure:8643: result: yes
configure:8672: checking if cc static flag -static works
configure:8700: result: yes
configure:8715: checking if cc supports -c -o file.o
configure:8736: cc -c -g -O2  -o out/conftest2.o conftest.c >&5
configure:8740: $? = 0
configure:8762: result: yes
configure:8770: checking if cc supports -c -o file.o
configure:8817: result: yes
configure:8850: checking whether the cc linker (/usr/bin/ld -m elf_x86_64) supports shared libraries
configure:10007: result: yes
configure:10044: checking whether -lc should be explicitly linked in
configure:10052: cc -c -g -O2  conftest.c >&5
configure:10055: $? = 0
configure:10070: cc -shared  -fPIC -DPIC conftest.o  -v -Wl,-soname -Wl,conftest -o conftest 2\>\&1 \| /bin/grep  -lc  \>/dev/null 2\>\&1
configure:10073: $? = 0
configure:10087: result: no
configure:10247: checking dynamic linker characteristics
configure:10747: cc -o conftest -g -O2   -Wl,-rpath -Wl,/foo conftest.c  >&5
configure:10747: $? = 0
configure:10981: result: GNU/Linux ld.so
configure:11088: checking how to hardcode library paths into programs
configure:11113: result: immediate
configure:11653: checking whether stripping libraries is possible
configure:11658: result: yes
configure:11693: checking if libtool supports shared libraries
configure:11695: result: yes
configure:11698: checking whether to build shared libraries
configure:11719: result: yes
configure:11722: checking whether to build static libraries
configure:11726: result: no
configure:12002: creating ./config.status

## ---------------------- ##
## Running config.status. ##
## ---------------------- ##

This file was extended by config.status, which was
generated by GNU Autoconf 2.69.  Invocation command line was

  CONFIG_FILES    = 
  CONFIG_HEADERS  = 
  CONFIG_LINKS    = 
  CONFIG_COMMANDS = 
  $ ./config.status 

on debian

config.status:888: creating config.h
config.status:978: config.h is unchanged
config.status:992: executing libtool commands

## ---------------- ##
## Cache variables. ##
## ---------------- ##

ac_cv_build=x86_64-unknown-linux-gnu
ac_cv_c_compiler_gnu=yes
ac_cv_env_CC_set=
ac_cv_env_CC_value=
ac_cv_env_CFLAGS_set=
ac_cv_env_CFLAGS_value=
ac_cv_env_CPPFLAGS_set=
ac_cv_env_CPPFLAGS_value=
ac_cv_env_CPP_set=
ac_cv_env_CPP_value=
ac_cv_env_LDFLAGS_set=
ac_cv_env_LDFLAGS_value=
ac_cv_env_LIBS_set=
ac_cv_env_LIBS_value=
ac_cv_env_build_alias_set=
ac_cv_env_build_alias_value=
ac_cv_env_host_alias_set=
ac_cv_env_host_alias_value=
ac_cv_env_target_alias_set=
ac_cv_env_target_alias_value=
ac_cv_header_dlfcn_h=yes
ac_cv_header_inttypes_h=yes
ac_cv_header_memory_h=yes
ac_cv_header_stdc=yes
ac_cv_header_stdint_h=yes
ac_cv_header_stdlib_h=yes
ac_cv_header_string_h=yes
ac_cv_header_strings_h=yes
ac_cv_header_sys_stat_h=yes
ac_cv_header_sys_types_h=yes
ac_cv_header_unistd_h=yes
ac_cv_host=x86_64-unknown-linux-gnu
ac_cv_objext=o
ac_cv_path_EGREP='/bin/grep -E'
ac_cv_path_FGREP='/bin/grep -F'
ac_cv_path_GREP=/bin/grep
ac_cv_path_SED=/bin/sed
ac_cv_prog_AWK=nawk
ac_cv_prog_CPP='cc -E'
ac_cv_prog_ac_ct_AR=ar
ac_cv_prog_ac_ct_CC=cc
ac_cv_prog_ac_ct_MANIFEST_TOOL=mt
ac_cv_prog_ac_ct_OBJDUMP=objdump
ac_cv_prog_ac_ct_RANLIB=ranlib
ac_cv_prog_ac_ct_STRIP=strip
ac_cv_prog_cc_c89=
ac_cv_prog_cc_cc_c_o=yes
ac_cv_prog_cc_g=yes
ac_cv_target=x86_64-unknown-linux-gnu
lt_cv_ar_at_file=@
lt_cv_archive_cmds_need_lc=no
lt_cv_deplibs_check_method=pass_all
lt_cv_file_magic_cmd='$MAGIC_CMD'
lt_cv_file_magic_test_file=
lt_cv_ld_reload_flag=-r
lt_cv_nm_interface='BSD nm'
lt_cv_objdir=.libs
lt_cv_path_LD=/usr/bin/ld
lt_cv_path_NM='/usr/bin/nm -B'
lt_cv_path_mainfest_tool=no
lt_cv_prog_compiler_c_o=yes
lt_cv_prog_compiler_pic='-fPIC -DPIC'
lt_cv_prog_compiler_pic_works=yes
lt_cv_prog_compiler_rtti_exceptions=no
lt_cv_prog_compiler_static_works=yes
lt_cv_prog_gnu_ld=yes
lt_cv_sharedlib_from_linklib_cmd='printf %s\n'
lt_cv_shlibpath_overrides_runpath=no
lt_cv_sys_global_symbol_pipe='sed -n -e '\''s/^.*[	 ]\([ABCDGIRSTW][ABCDGIRSTW]*\)[	 ][	 ]*\([_A-Za-z][_A-Za-z0-9]*\)$/\1 \2 \2/p'\'' | sed '\''/ __gnu_lto/d'\'''
lt_cv_sys_global_symbol_to_c_name_address='sed -n -e '\''s/^: \([^ ]*\)[ ]*$/  {\"\1\", (void *) 0},/p'\'' -e '\''s/^[ABCDGIRSTW]* \([^ ]*\) \([^ ]*\)$/  {"\2", (void *) \&\2},/p'\'''
lt_cv_sys_global_symbol_to_c_name_address_lib_prefix='sed -n -e '\''s/^: \([^ ]*\)[ ]*$/  {\"\1\", (void *) 0},/p'\'' -e '\''s/^[ABCDGIRSTW]* \([^ ]*\) \(lib[^ ]*\)$/  {"\2", (void *) \&\2},/p'\'' -e '\''s/^[ABCDGIRSTW]* \([^ ]*\) \([^ ]*\)$/  {"lib\2", (void *) \&\2},/p'\'''
lt_cv_sys_global_symbol_to_cdecl='sed -n -e '\''s/^T .* \(.*\)$/extern int \1();/p'\'' -e '\''s/^[ABCDGIRSTW]* .* \(.*\)$/extern char \1;/p'\'''
lt_cv_sys_max_cmd_len=1572864
lt_cv_to_host_file_cmd=func_convert_file_noop
lt_cv_to_tool_file_cmd=func_convert_file_noop
php_cv_cc_dashr=no
php_cv_cc_rpath=yes

## ----------------- ##
## Output variables. ##
## ----------------- ##

AR='ar'
AWK='nawk'
CC='cc'
CFLAGS='-g -O2'
CONFIGURE_COMMAND=' '\''./configure'\'' '
CONFIGURE_OPTIONS=''
CPP='cc -E'
CPPFLAGS=' -DHAVE_CONFIG_H'
DEFS='-DHAVE_CONFIG_H'
DLLTOOL='false'
DSYMUTIL=''
DUMPBIN=''
ECHO_C=''
ECHO_N='-n'
ECHO_T=''
EGREP='/bin/grep -E'
EXEEXT=''
FGREP='/bin/grep -F'
GREP='/bin/grep'
LD='/usr/bin/ld -m elf_x86_64'
LDFLAGS=''
LIBOBJS=''
LIBS=''
LIBTOOL='$(SHELL) $(top_builddir)/libtool'
LIPO=''
LN_S='ln -s'
LTLIBOBJS=''
MANIFEST_TOOL=':'
NM='/usr/bin/nm -B'
NMEDIT=''
OBJDUMP='objdump'
OBJEXT='o'
OTOOL64=''
OTOOL=''
PACKAGE_BUGREPORT=''
PACKAGE_NAME=''
PACKAGE_STRING=''
PACKAGE_TARNAME=''
PACKAGE_URL=''
PACKAGE_VERSION=''
PATH_SEPARATOR=':'
RANLIB='ranlib'
RE2C='exit 0;'
SED='/bin/sed'
SHELL='/bin/bash'
SHLIB_DL_SUFFIX_NAME='so'
SHLIB_SUFFIX_NAME='so'
STRIP='strip'
ac_ct_AR='ar'
ac_ct_CC='cc'
ac_ct_DUMPBIN=''
bindir='${exec_prefix}/bin'
build='x86_64-unknown-linux-gnu'
build_alias=''
build_cpu='x86_64'
build_os='linux-gnu'
build_vendor='unknown'
datadir='${datarootdir}'
datarootdir='${prefix}/share'
docdir='${datarootdir}/doc/${PACKAGE}'
dvidir='${docdir}'
exec_prefix='$(prefix)'
host='x86_64-unknown-linux-gnu'
host_alias='x86_64-unknown-linux-gnu'
host_cpu='x86_64'
host_os='linux-gnu'
host_vendor='unknown'
htmldir='${docdir}'
includedir='${prefix}/include'
infodir='${datarootdir}/info'
libdir='${exec_prefix}/lib'
libexecdir='${exec_prefix}/libexec'
localedir='${datarootdir}/locale'
localstatedir='${prefix}/var'
mandir='${datarootdir}/man'
oldincludedir='/usr/include'
pdfdir='${docdir}'
prefix='/usr'
program_transform_name='s,x,x,'
psdir='${docdir}'
sbindir='${exec_prefix}/sbin'
sharedstatedir='${prefix}/com'
sysconfdir='${prefix}/etc'
target='x86_64-unknown-linux-gnu'
target_alias=''
target_cpu='x86_64'
target_os='linux-gnu'
target_vendor='unknown'

## ----------- ##
## confdefs.h. ##
## ----------- ##

/* confdefs.h */
#define PACKAGE_NAME ""
#define PACKAGE_TARNAME ""
#define PACKAGE_VERSION ""
#define PACKAGE_STRING ""
#define PACKAGE_BUGREPORT ""
#define PACKAGE_URL ""
#define IMAGICK_USE_NEW_HEADER 1
#define HAVE_IMAGICK 1
#define COMPILE_DL_IMAGICK 1
#define STDC_HEADERS 1
#define HAVE_SYS_TYPES_H 1
#define HAVE_SYS_STAT_H 1
#define HAVE_STDLIB_H 1
#define HAVE_STRING_H 1
#define HAVE_MEMORY_H 1
#define HAVE_STRINGS_H 1
#define HAVE_INTTYPES_H 1
#define HAVE_STDINT_H 1
#define HAVE_UNISTD_H 1
#define HAVE_DLFCN_H 1
#define LT_OBJDIR ".libs/"

configure: exit 0
